2024-11-19 17:17:57,301 46056 INFO ? odoo: Odoo version 17.0-20241001 
2024-11-19 17:17:57,304 46056 INFO ? odoo: Using configuration file at D:\sgu\Nam 4\HKI\DACN\Odoo\server\odoo.conf 
2024-11-19 17:17:57,304 46056 INFO ? odoo: addons paths: ['D:\\sgu\\Nam 4\\HKI\\DACN\\Odoo\\server\\odoo\\addons', 'd:\\sgu\\nam 4\\hki\\dacn\\odoo\\sessions\\addons\\17.0', 'd:\\sgu\\nam 4\\hki\\dacn\\odoo\\server\\odoo\\addons'] 
2024-11-19 17:17:57,304 46056 INFO ? odoo: database: openpg@localhost:5432 
2024-11-19 17:17:58,571 46056 INFO ? odoo.addons.base.models.ir_actions_report: Will use the Wkhtmltopdf binary at C:\Program Files\wkhtmltopdf\bin\wkhtmltopdf.exe 
2024-11-19 17:18:00,987 46056 WARNING ? py.warnings: D:\sgu\Nam 4\HKI\DACN\Odoo\python\Lib\site-packages\vobject\base.py:736: SyntaxWarning: invalid escape sequence '\-'
  File "D:\sgu\Nam 4\HKI\DACN\Odoo\server\odoo-bin", line 8, in <module>
    odoo.cli.main()
  File "D:\sgu\Nam 4\HKI\DACN\Odoo\server\odoo\cli\command.py", line 66, in main
    o.run(args)
  File "D:\sgu\Nam 4\HKI\DACN\Odoo\server\odoo\cli\server.py", line 184, in run
    main(args)
  File "D:\sgu\Nam 4\HKI\DACN\Odoo\server\odoo\cli\server.py", line 177, in main
    rc = odoo.service.server.start(preload=preload, stop=stop)
  File "D:\sgu\Nam 4\HKI\DACN\Odoo\server\odoo\service\server.py", line 1359, in start
    load_server_wide_modules()
  File "D:\sgu\Nam 4\HKI\DACN\Odoo\server\odoo\service\server.py", line 1262, in load_server_wide_modules
    odoo.modules.module.load_openerp_module(m)
  File "D:\sgu\Nam 4\HKI\DACN\Odoo\server\odoo\modules\module.py", line 395, in load_openerp_module
    __import__(qualname)
  File "D:\sgu\Nam 4\HKI\DACN\Odoo\server\odoo\addons\web\__init__.py", line 5, in <module>
    from . import models
  File "D:\sgu\Nam 4\HKI\DACN\Odoo\server\odoo\addons\web\models\__init__.py", line 11, in <module>
    from . import res_partner
  File "D:\sgu\Nam 4\HKI\DACN\Odoo\server\odoo\addons\web\models\res_partner.py", line 12, in <module>
    import vobject
  File "D:\sgu\Nam 4\HKI\DACN\Odoo\python\Lib\site-packages\vobject\__init__.py", line 79, in <module>
    from .base import newFromBehavior, readOne, readComponents
  File "D:\sgu\Nam 4\HKI\DACN\Odoo\python\Lib\warnings.py", line 110, in _showwarnmsg
    sw(msg.message, msg.category, msg.filename, msg.lineno,
  File "D:\sgu\Nam 4\HKI\DACN\Odoo\server\odoo\netsvc.py", line 288, in showwarning_with_traceback
    for frame in traceback.extract_stack():
 
2024-11-19 17:18:00,990 46056 WARNING ? py.warnings: D:\sgu\Nam 4\HKI\DACN\Odoo\python\Lib\site-packages\vobject\base.py:1219: SyntaxWarning: invalid escape sequence '\;'
  File "D:\sgu\Nam 4\HKI\DACN\Odoo\server\odoo-bin", line 8, in <module>
    odoo.cli.main()
  File "D:\sgu\Nam 4\HKI\DACN\Odoo\server\odoo\cli\command.py", line 66, in main
    o.run(args)
  File "D:\sgu\Nam 4\HKI\DACN\Odoo\server\odoo\cli\server.py", line 184, in run
    main(args)
  File "D:\sgu\Nam 4\HKI\DACN\Odoo\server\odoo\cli\server.py", line 177, in main
    rc = odoo.service.server.start(preload=preload, stop=stop)
  File "D:\sgu\Nam 4\HKI\DACN\Odoo\server\odoo\service\server.py", line 1359, in start
    load_server_wide_modules()
  File "D:\sgu\Nam 4\HKI\DACN\Odoo\server\odoo\service\server.py", line 1262, in load_server_wide_modules
    odoo.modules.module.load_openerp_module(m)
  File "D:\sgu\Nam 4\HKI\DACN\Odoo\server\odoo\modules\module.py", line 395, in load_openerp_module
    __import__(qualname)
  File "D:\sgu\Nam 4\HKI\DACN\Odoo\server\odoo\addons\web\__init__.py", line 5, in <module>
    from . import models
  File "D:\sgu\Nam 4\HKI\DACN\Odoo\server\odoo\addons\web\models\__init__.py", line 11, in <module>
    from . import res_partner
  File "D:\sgu\Nam 4\HKI\DACN\Odoo\server\odoo\addons\web\models\res_partner.py", line 12, in <module>
    import vobject
  File "D:\sgu\Nam 4\HKI\DACN\Odoo\python\Lib\site-packages\vobject\__init__.py", line 79, in <module>
    from .base import newFromBehavior, readOne, readComponents
  File "D:\sgu\Nam 4\HKI\DACN\Odoo\python\Lib\warnings.py", line 110, in _showwarnmsg
    sw(msg.message, msg.category, msg.filename, msg.lineno,
  File "D:\sgu\Nam 4\HKI\DACN\Odoo\server\odoo\netsvc.py", line 288, in showwarning_with_traceback
    for frame in traceback.extract_stack():
 
2024-11-19 17:18:00,991 46056 WARNING ? py.warnings: D:\sgu\Nam 4\HKI\DACN\Odoo\python\Lib\site-packages\vobject\base.py:1219: SyntaxWarning: invalid escape sequence '\,'
  File "D:\sgu\Nam 4\HKI\DACN\Odoo\server\odoo-bin", line 8, in <module>
    odoo.cli.main()
  File "D:\sgu\Nam 4\HKI\DACN\Odoo\server\odoo\cli\command.py", line 66, in main
    o.run(args)
  File "D:\sgu\Nam 4\HKI\DACN\Odoo\server\odoo\cli\server.py", line 184, in run
    main(args)
  File "D:\sgu\Nam 4\HKI\DACN\Odoo\server\odoo\cli\server.py", line 177, in main
    rc = odoo.service.server.start(preload=preload, stop=stop)
  File "D:\sgu\Nam 4\HKI\DACN\Odoo\server\odoo\service\server.py", line 1359, in start
    load_server_wide_modules()
  File "D:\sgu\Nam 4\HKI\DACN\Odoo\server\odoo\service\server.py", line 1262, in load_server_wide_modules
    odoo.modules.module.load_openerp_module(m)
  File "D:\sgu\Nam 4\HKI\DACN\Odoo\server\odoo\modules\module.py", line 395, in load_openerp_module
    __import__(qualname)
  File "D:\sgu\Nam 4\HKI\DACN\Odoo\server\odoo\addons\web\__init__.py", line 5, in <module>
    from . import models
  File "D:\sgu\Nam 4\HKI\DACN\Odoo\server\odoo\addons\web\models\__init__.py", line 11, in <module>
    from . import res_partner
  File "D:\sgu\Nam 4\HKI\DACN\Odoo\server\odoo\addons\web\models\res_partner.py", line 12, in <module>
    import vobject
  File "D:\sgu\Nam 4\HKI\DACN\Odoo\python\Lib\site-packages\vobject\__init__.py", line 79, in <module>
    from .base import newFromBehavior, readOne, readComponents
  File "D:\sgu\Nam 4\HKI\DACN\Odoo\python\Lib\warnings.py", line 110, in _showwarnmsg
    sw(msg.message, msg.category, msg.filename, msg.lineno,
  File "D:\sgu\Nam 4\HKI\DACN\Odoo\server\odoo\netsvc.py", line 288, in showwarning_with_traceback
    for frame in traceback.extract_stack():
 
2024-11-19 17:18:01,147 46056 INFO ? odoo.service.server: Initiating shutdown 
2024-11-19 17:18:01,147 46056 INFO ? odoo.service.server: Hit CTRL-C again or send a second signal to force the shutdown. 
2024-11-19 17:18:11,042 43340 INFO ? odoo: Odoo version 17.0-20241001 
2024-11-19 17:18:11,042 43340 INFO ? odoo: Using configuration file at D:\sgu\Nam 4\HKI\DACN\Odoo\server\odoo.conf 
2024-11-19 17:18:11,042 43340 INFO ? odoo: addons paths: ['D:\\sgu\\Nam 4\\HKI\\DACN\\Odoo\\server\\odoo\\addons', 'd:\\sgu\\nam 4\\hki\\dacn\\odoo\\sessions\\addons\\17.0', 'd:\\sgu\\nam 4\\hki\\dacn\\odoo\\server\\odoo\\addons'] 
2024-11-19 17:18:11,043 43340 INFO ? odoo: database: openpg@localhost:5432 
2024-11-19 17:18:11,240 43340 INFO ? odoo.addons.base.models.ir_actions_report: Will use the Wkhtmltopdf binary at C:\Program Files\wkhtmltopdf\bin\wkhtmltopdf.exe 
2024-11-19 17:18:11,668 43340 INFO ? odoo.service.server: HTTP service (werkzeug) running on MSI.netis.cc:8069 
2024-11-19 17:18:11,713 43340 INFO ? odoo.sql_db: Connection to the database failed 
2024-11-19 17:18:11,757 43340 INFO ? odoo.sql_db: Connection to the database failed 
2024-11-19 17:18:38,752 43340 INFO ? odoo.sql_db: Connection to the database failed 
2024-11-19 17:18:38,766 43340 INFO ? werkzeug: 127.0.0.1 - - [19/Nov/2024 17:18:38] "GET / HTTP/1.1" 303 - 0 0.000 0.072
2024-11-19 17:18:38,838 43340 INFO ? odoo.sql_db: Connection to the database failed 
2024-11-19 17:18:38,886 43340 INFO ? odoo.sql_db: Connection to the database failed 
2024-11-19 17:18:38,887 43340 INFO ? werkzeug: 127.0.0.1 - - [19/Nov/2024 17:18:38] "GET /web HTTP/1.1" 303 - 0 0.000 0.108
2024-11-19 17:18:39,007 43340 INFO ? odoo.sql_db: Connection to the database failed 
2024-11-19 17:18:43,568 43340 INFO ? odoo.sql_db: Connection to the database failed 
2024-11-19 17:18:43,628 43340 INFO ? werkzeug: 127.0.0.1 - - [19/Nov/2024 17:18:43] "GET /web/database/selector HTTP/1.1" 200 - 0 0.000 4.671
2024-11-19 17:18:44,053 43340 INFO ? odoo.sql_db: Connection to the database failed 
2024-11-19 17:18:44,063 43340 INFO ? werkzeug: 127.0.0.1 - - [19/Nov/2024 17:18:44] "GET /web/static/src/libs/fontawesome/css/font-awesome.css HTTP/1.1" 200 - 0 0.000 0.053
2024-11-19 17:18:44,096 43340 INFO ? odoo.sql_db: Connection to the database failed 
2024-11-19 17:18:44,101 43340 INFO ? werkzeug: 127.0.0.1 - - [19/Nov/2024 17:18:44] "GET /web/static/lib/bootstrap/dist/css/bootstrap.css HTTP/1.1" 200 - 0 0.000 0.089
2024-11-19 17:18:44,138 43340 INFO ? odoo.sql_db: Connection to the database failed 
2024-11-19 17:18:44,154 43340 INFO ? werkzeug: 127.0.0.1 - - [19/Nov/2024 17:18:44] "GET /web/static/lib/bootstrap/js/dist/dom/data.js HTTP/1.1" 200 - 0 0.000 0.142
2024-11-19 17:18:44,180 43340 INFO ? odoo.sql_db: Connection to the database failed 
2024-11-19 17:18:44,189 43340 INFO ? werkzeug: 127.0.0.1 - - [19/Nov/2024 17:18:44] "GET /web/static/lib/bootstrap/js/dist/dom/event-handler.js HTTP/1.1" 200 - 0 0.000 0.164
2024-11-19 17:18:44,333 43340 INFO ? odoo.sql_db: Connection to the database failed 
2024-11-19 17:18:44,367 43340 INFO ? werkzeug: 127.0.0.1 - - [19/Nov/2024 17:18:44] "GET /web/static/lib/bootstrap/js/dist/dom/manipulator.js HTTP/1.1" 200 - 0 0.000 0.340
2024-11-19 17:18:44,373 43340 INFO ? odoo.sql_db: Connection to the database failed 
2024-11-19 17:18:44,395 43340 INFO ? werkzeug: 127.0.0.1 - - [19/Nov/2024 17:18:44] "GET /web/static/lib/bootstrap/js/dist/dom/selector-engine.js HTTP/1.1" 200 - 0 0.000 0.368
2024-11-19 17:18:44,411 43340 INFO ? odoo.sql_db: Connection to the database failed 
2024-11-19 17:18:44,425 43340 INFO ? werkzeug: 127.0.0.1 - - [19/Nov/2024 17:18:44] "GET /web/static/lib/bootstrap/js/dist/base-component.js HTTP/1.1" 200 - 0 0.000 0.056
2024-11-19 17:18:44,456 43340 INFO ? odoo.sql_db: Connection to the database failed 
2024-11-19 17:18:44,459 43340 INFO ? werkzeug: 127.0.0.1 - - [19/Nov/2024 17:18:44] "GET /web/static/lib/bootstrap/js/dist/modal.js HTTP/1.1" 200 - 0 0.000 0.045
2024-11-19 17:18:44,500 43340 INFO ? odoo.sql_db: Connection to the database failed 
2024-11-19 17:18:44,518 43340 INFO ? werkzeug: 127.0.0.1 - - [19/Nov/2024 17:18:44] "GET /web/static/src/public/database_manager.js HTTP/1.1" 200 - 0 0.000 0.056
2024-11-19 17:18:44,549 43340 INFO ? odoo.sql_db: Connection to the database failed 
2024-11-19 17:18:44,568 43340 INFO ? werkzeug: 127.0.0.1 - - [19/Nov/2024 17:18:44] "GET /web/static/img/logo2.png HTTP/1.1" 200 - 0 0.000 0.060
2024-11-19 17:18:47,220 43340 INFO ? odoo.sql_db: Connection to the database failed 
2024-11-19 17:18:47,239 43340 INFO ? werkzeug: 127.0.0.1 - - [19/Nov/2024 17:18:47] "GET /web/static/src/libs/fontawesome/fonts/fontawesome-webfont.woff2?v=4.7.0 HTTP/1.1" 200 - 0 0.000 0.082
2024-11-19 17:18:48,223 43340 INFO ? odoo.sql_db: Connection to the database failed 
2024-11-19 17:18:48,278 43340 INFO ? werkzeug: 127.0.0.1 - - [19/Nov/2024 17:18:48] "GET /web/static/img/favicon.ico HTTP/1.1" 200 - 0 0.000 0.122
2024-11-19 17:18:48,471 43340 INFO ? odoo.sql_db: Connection to the database failed 
2024-11-19 17:18:48,495 43340 INFO ? werkzeug: 127.0.0.1 - - [19/Nov/2024 17:18:48] "GET /web/database/selector/ws HTTP/1.1" 404 - 0 0.000 0.068
2024-11-19 17:19:19,155 43340 INFO ? odoo.sql_db: Connection to the database failed 
2024-11-19 17:19:21,654 43340 INFO None odoo.service.db: Create database `DACN_Odoo`. 
2024-11-19 17:19:21,691 43340 INFO None odoo.sql_db: Connection to the database failed 
2024-11-19 17:19:21,691 43340 ERROR None odoo.addons.web.controllers.database: Database creation error. 
Traceback (most recent call last):
  File "D:\sgu\Nam 4\HKI\DACN\Odoo\server\odoo\addons\web\controllers\database.py", line 81, in create
    dispatch_rpc('db', 'create_database', [master_pwd, name, bool(post.get('demo')), lang, password, post['login'], country_code, post['phone']])
  File "D:\sgu\Nam 4\HKI\DACN\Odoo\server\odoo\http.py", line 391, in dispatch_rpc
    return dispatch(method, params)
           ^^^^^^^^^^^^^^^^^^^^^^^^
  File "D:\sgu\Nam 4\HKI\DACN\Odoo\server\odoo\service\db.py", line 488, in dispatch
    return g[exp_method_name](*params)
           ^^^^^^^^^^^^^^^^^^^^^^^^^^^
  File "D:\sgu\Nam 4\HKI\DACN\Odoo\python\Lib\site-packages\decorator.py", line 232, in fun
    return caller(func, *(extras + args), **kw)
           ^^^^^^^^^^^^^^^^^^^^^^^^^^^^^^^^^^^^
  File "D:\sgu\Nam 4\HKI\DACN\Odoo\server\odoo\service\db.py", line 43, in if_db_mgt_enabled
    return method(self, *args, **kwargs)
           ^^^^^^^^^^^^^^^^^^^^^^^^^^^^^
  File "D:\sgu\Nam 4\HKI\DACN\Odoo\server\odoo\service\db.py", line 148, in exp_create_database
    _create_empty_database(db_name)
  File "D:\sgu\Nam 4\HKI\DACN\Odoo\server\odoo\service\db.py", line 101, in _create_empty_database
    with closing(db.cursor()) as cr:
                 ^^^^^^^^^^^
  File "D:\sgu\Nam 4\HKI\DACN\Odoo\server\odoo\sql_db.py", line 753, in cursor
    return Cursor(self.__pool, self.__dbname, self.__dsn)
           ^^^^^^^^^^^^^^^^^^^^^^^^^^^^^^^^^^^^^^^^^^^^^^
  File "D:\sgu\Nam 4\HKI\DACN\Odoo\server\odoo\sql_db.py", line 267, in __init__
    self._cnx = pool.borrow(dsn)
                ^^^^^^^^^^^^^^^^
  File "D:\sgu\Nam 4\HKI\DACN\Odoo\python\Lib\site-packages\decorator.py", line 232, in fun
    return caller(func, *(extras + args), **kw)
           ^^^^^^^^^^^^^^^^^^^^^^^^^^^^^^^^^^^^
  File "D:\sgu\Nam 4\HKI\DACN\Odoo\server\odoo\tools\func.py", line 87, in locked
    return func(inst, *args, **kwargs)
           ^^^^^^^^^^^^^^^^^^^^^^^^^^^
  File "D:\sgu\Nam 4\HKI\DACN\Odoo\server\odoo\sql_db.py", line 682, in borrow
    result = psycopg2.connect(
             ^^^^^^^^^^^^^^^^^
  File "D:\sgu\Nam 4\HKI\DACN\Odoo\python\Lib\site-packages\psycopg2\__init__.py", line 122, in connect
    conn = _connect(dsn, connection_factory=connection_factory, **kwasync)
           ^^^^^^^^^^^^^^^^^^^^^^^^^^^^^^^^^^^^^^^^^^^^^^^^^^^^^^^^^^^^^^^
psycopg2.OperationalError: connection to server at "localhost" (::1), port 5432 failed: FATAL:  password authentication failed for user "openpg"

2024-11-19 17:19:22,365 43340 INFO None odoo.sql_db: Connection to the database failed 
2024-11-19 17:19:22,412 43340 INFO None werkzeug: 127.0.0.1 - - [19/Nov/2024 17:19:22] "POST /web/database/create HTTP/1.1" 200 - 0 0.000 3.409
2024-11-19 17:19:22,972 43340 INFO ? odoo.sql_db: Connection to the database failed 
2024-11-19 17:19:22,973 43340 INFO ? werkzeug: 127.0.0.1 - - [19/Nov/2024 17:19:22] "GET /web/database/create/ws HTTP/1.1" 404 - 0 0.000 0.043
2024-11-19 17:20:38,636 43340 INFO ? odoo.sql_db: Connection to the database failed 
2024-11-19 17:20:40,079 43340 INFO None odoo.service.db: Create database `DACN_Odoo`. 
2024-11-19 17:20:40,128 43340 INFO None odoo.sql_db: Connection to the database failed 
2024-11-19 17:20:40,129 43340 ERROR None odoo.addons.web.controllers.database: Database creation error. 
Traceback (most recent call last):
  File "D:\sgu\Nam 4\HKI\DACN\Odoo\server\odoo\addons\web\controllers\database.py", line 81, in create
    dispatch_rpc('db', 'create_database', [master_pwd, name, bool(post.get('demo')), lang, password, post['login'], country_code, post['phone']])
  File "D:\sgu\Nam 4\HKI\DACN\Odoo\server\odoo\http.py", line 391, in dispatch_rpc
    return dispatch(method, params)
           ^^^^^^^^^^^^^^^^^^^^^^^^
  File "D:\sgu\Nam 4\HKI\DACN\Odoo\server\odoo\service\db.py", line 488, in dispatch
    return g[exp_method_name](*params)
           ^^^^^^^^^^^^^^^^^^^^^^^^^^^
  File "D:\sgu\Nam 4\HKI\DACN\Odoo\python\Lib\site-packages\decorator.py", line 232, in fun
    return caller(func, *(extras + args), **kw)
           ^^^^^^^^^^^^^^^^^^^^^^^^^^^^^^^^^^^^
  File "D:\sgu\Nam 4\HKI\DACN\Odoo\server\odoo\service\db.py", line 43, in if_db_mgt_enabled
    return method(self, *args, **kwargs)
           ^^^^^^^^^^^^^^^^^^^^^^^^^^^^^
  File "D:\sgu\Nam 4\HKI\DACN\Odoo\server\odoo\service\db.py", line 148, in exp_create_database
    _create_empty_database(db_name)
  File "D:\sgu\Nam 4\HKI\DACN\Odoo\server\odoo\service\db.py", line 101, in _create_empty_database
    with closing(db.cursor()) as cr:
                 ^^^^^^^^^^^
  File "D:\sgu\Nam 4\HKI\DACN\Odoo\server\odoo\sql_db.py", line 753, in cursor
    return Cursor(self.__pool, self.__dbname, self.__dsn)
           ^^^^^^^^^^^^^^^^^^^^^^^^^^^^^^^^^^^^^^^^^^^^^^
  File "D:\sgu\Nam 4\HKI\DACN\Odoo\server\odoo\sql_db.py", line 267, in __init__
    self._cnx = pool.borrow(dsn)
                ^^^^^^^^^^^^^^^^
  File "D:\sgu\Nam 4\HKI\DACN\Odoo\python\Lib\site-packages\decorator.py", line 232, in fun
    return caller(func, *(extras + args), **kw)
           ^^^^^^^^^^^^^^^^^^^^^^^^^^^^^^^^^^^^
  File "D:\sgu\Nam 4\HKI\DACN\Odoo\server\odoo\tools\func.py", line 87, in locked
    return func(inst, *args, **kwargs)
           ^^^^^^^^^^^^^^^^^^^^^^^^^^^
  File "D:\sgu\Nam 4\HKI\DACN\Odoo\server\odoo\sql_db.py", line 682, in borrow
    result = psycopg2.connect(
             ^^^^^^^^^^^^^^^^^
  File "D:\sgu\Nam 4\HKI\DACN\Odoo\python\Lib\site-packages\psycopg2\__init__.py", line 122, in connect
    conn = _connect(dsn, connection_factory=connection_factory, **kwasync)
           ^^^^^^^^^^^^^^^^^^^^^^^^^^^^^^^^^^^^^^^^^^^^^^^^^^^^^^^^^^^^^^^
psycopg2.OperationalError: connection to server at "localhost" (::1), port 5432 failed: FATAL:  password authentication failed for user "openpg"

2024-11-19 17:20:41,025 43340 INFO None odoo.sql_db: Connection to the database failed 
2024-11-19 17:20:41,122 43340 INFO None werkzeug: 127.0.0.1 - - [19/Nov/2024 17:20:41] "POST /web/database/create HTTP/1.1" 200 - 0 0.000 2.596
2024-11-19 17:20:42,100 43340 INFO ? odoo.sql_db: Connection to the database failed 
2024-11-19 17:20:42,109 43340 INFO ? werkzeug: 127.0.0.1 - - [19/Nov/2024 17:20:42] "GET /web/database/create/ws HTTP/1.1" 404 - 0 0.000 0.204
2024-11-19 17:20:53,012 43340 INFO ? odoo.service.server: Initiating shutdown 
2024-11-19 17:20:53,013 43340 INFO ? odoo.service.server: Hit CTRL-C again or send a second signal to force the shutdown. 
2024-11-19 17:20:53,107 43340 INFO ? odoo.sql_db: ConnectionPool(used=0/count=0/max=64): Closed 0 connections  
2024-11-19 17:21:03,717 53272 INFO ? odoo: Odoo version 17.0-20241001 
2024-11-19 17:21:03,718 53272 INFO ? odoo: Using configuration file at D:\sgu\Nam 4\HKI\DACN\Odoo\server\odoo.conf 
2024-11-19 17:21:03,718 53272 INFO ? odoo: addons paths: ['D:\\sgu\\Nam 4\\HKI\\DACN\\Odoo\\server\\odoo\\addons', 'd:\\sgu\\nam 4\\hki\\dacn\\odoo\\sessions\\addons\\17.0', 'd:\\sgu\\nam 4\\hki\\dacn\\odoo\\server\\odoo\\addons'] 
2024-11-19 17:21:03,718 53272 INFO ? odoo: database: odoo_user@localhost:5432 
2024-11-19 17:21:04,043 53272 INFO ? odoo.addons.base.models.ir_actions_report: Will use the Wkhtmltopdf binary at C:\Program Files\wkhtmltopdf\bin\wkhtmltopdf.exe 
2024-11-19 17:21:04,825 53272 INFO ? odoo.service.server: HTTP service (werkzeug) running on MSI.netis.cc:8069 
2024-11-19 17:21:08,352 53272 INFO ? werkzeug: 127.0.0.1 - - [19/Nov/2024 17:21:08] "GET / HTTP/1.1" 303 - 1 0.018 0.085
2024-11-19 17:21:08,578 53272 INFO ? werkzeug: 127.0.0.1 - - [19/Nov/2024 17:21:08] "GET /web HTTP/1.1" 303 - 2 0.012 0.204
2024-11-19 17:21:11,206 53272 INFO ? werkzeug: 127.0.0.1 - - [19/Nov/2024 17:21:11] "GET /web/database/selector HTTP/1.1" 200 - 2 0.014 2.610
2024-11-19 17:21:12,260 53272 INFO ? werkzeug: 127.0.0.1 - - [19/Nov/2024 17:21:12] "GET /web/database/selector/ws HTTP/1.1" 404 - 1 0.005 0.161
2024-11-19 17:21:36,996 53272 INFO None odoo.service.db: Create database `DACN_Odoo`. 
2024-11-19 17:21:39,528 53272 INFO DACN_Odoo odoo.modules.loading: loading 1 modules... 
2024-11-19 17:21:39,528 53272 INFO DACN_Odoo odoo.modules.loading: Loading module base (1/1) 
2024-11-19 17:21:39,553 53272 INFO DACN_Odoo odoo.modules.registry: module base: creating or updating database tables 
2024-11-19 17:21:40,260 53272 INFO DACN_Odoo odoo.models: Prepare computation of ir.module.module.menus_by_module 
2024-11-19 17:21:40,260 53272 INFO DACN_Odoo odoo.models: Prepare computation of ir.module.module.reports_by_module 
2024-11-19 17:21:40,261 53272 INFO DACN_Odoo odoo.models: Prepare computation of ir.module.module.views_by_module 
2024-11-19 17:21:40,540 53272 INFO DACN_Odoo odoo.models: Prepare computation of res.partner.user_id 
2024-11-19 17:21:40,541 53272 INFO DACN_Odoo odoo.models: Prepare computation of res.partner.commercial_partner_id 
2024-11-19 17:21:40,541 53272 INFO DACN_Odoo odoo.models: Prepare computation of res.partner.complete_name 
2024-11-19 17:21:40,541 53272 INFO DACN_Odoo odoo.models: Prepare computation of res.partner.company_registry 
2024-11-19 17:21:40,541 53272 INFO DACN_Odoo odoo.models: Prepare computation of res.partner.commercial_company_name 
2024-11-19 17:21:40,541 53272 INFO DACN_Odoo odoo.models: Prepare computation of res.partner.partner_share 
2024-11-19 17:21:40,631 53272 INFO DACN_Odoo odoo.models: Prepare computation of res.currency.decimal_places 
2024-11-19 17:21:40,695 53272 INFO DACN_Odoo odoo.models: Prepare computation of res.company.uses_default_logo 
2024-11-19 17:21:40,695 53272 INFO DACN_Odoo odoo.models: Prepare computation of res.company.logo_web 
2024-11-19 17:21:40,701 53272 INFO DACN_Odoo odoo.models: Computing parent_path for table res_company... 
2024-11-19 17:21:40,765 53272 INFO DACN_Odoo odoo.models: Prepare computation of res.users.signature 
2024-11-19 17:21:40,766 53272 INFO DACN_Odoo odoo.models: Prepare computation of res.users.share 
2024-11-19 17:21:43,660 53272 INFO DACN_Odoo odoo.modules.loading: loading base/data/res_bank.xml 
2024-11-19 17:21:43,695 53272 INFO DACN_Odoo odoo.modules.loading: loading base/data/res.lang.csv 
2024-11-19 17:21:43,749 53272 INFO DACN_Odoo odoo.modules.loading: loading base/data/res_lang_data.xml 
2024-11-19 17:21:43,821 53272 INFO DACN_Odoo odoo.modules.loading: loading base/data/res_partner_data.xml 
2024-11-19 17:21:43,962 53272 INFO DACN_Odoo odoo.modules.loading: loading base/data/res_currency_data.xml 
2024-11-19 17:21:44,918 53272 INFO DACN_Odoo odoo.modules.loading: loading base/data/res_company_data.xml 
2024-11-19 17:21:44,938 53272 INFO DACN_Odoo odoo.modules.loading: loading base/data/res_users_data.xml 
2024-11-19 17:21:46,559 53272 INFO DACN_Odoo odoo.modules.loading: loading base/data/report_paperformat_data.xml 
2024-11-19 17:21:46,586 53272 INFO DACN_Odoo odoo.modules.loading: loading base/data/res_country_data.xml 
2024-11-19 17:21:47,402 53272 INFO DACN_Odoo odoo.modules.loading: loading base/data/ir_demo_data.xml 
2024-11-19 17:21:47,433 53272 INFO DACN_Odoo odoo.modules.loading: loading base/security/base_groups.xml 
2024-11-19 17:21:47,806 53272 INFO DACN_Odoo odoo.modules.loading: loading base/security/base_security.xml 
2024-11-19 17:21:48,056 53272 INFO DACN_Odoo odoo.modules.loading: loading base/views/base_menus.xml 
2024-11-19 17:21:48,222 53272 INFO DACN_Odoo odoo.modules.loading: loading base/views/decimal_precision_views.xml 
2024-11-19 17:21:48,290 53272 INFO DACN_Odoo odoo.modules.loading: loading base/views/res_config_views.xml 
2024-11-19 17:21:48,315 53272 INFO DACN_Odoo odoo.modules.loading: loading base/data/res.country.state.csv 
2024-11-19 17:21:49,767 53272 INFO DACN_Odoo odoo.modules.loading: loading base/views/ir_actions_views.xml 
2024-11-19 17:21:50,000 53272 INFO DACN_Odoo odoo.modules.loading: loading base/views/ir_asset_views.xml 
2024-11-19 17:21:50,046 53272 INFO DACN_Odoo odoo.modules.loading: loading base/views/ir_config_parameter_views.xml 
2024-11-19 17:21:50,089 53272 INFO DACN_Odoo odoo.modules.loading: loading base/views/ir_cron_views.xml 
2024-11-19 17:21:50,155 53272 INFO DACN_Odoo odoo.modules.loading: loading base/views/ir_cron_trigger_views.xml 
2024-11-19 17:21:50,198 53272 INFO DACN_Odoo odoo.modules.loading: loading base/views/ir_filters_views.xml 
2024-11-19 17:21:50,242 53272 INFO DACN_Odoo odoo.modules.loading: loading base/views/ir_mail_server_views.xml 
2024-11-19 17:21:50,293 53272 INFO DACN_Odoo odoo.modules.loading: loading base/views/ir_model_views.xml 
2024-11-19 17:21:50,537 53272 INFO DACN_Odoo odoo.modules.loading: loading base/views/ir_attachment_views.xml 
2024-11-19 17:21:50,583 53272 INFO DACN_Odoo odoo.modules.loading: loading base/views/ir_rule_views.xml 
2024-11-19 17:21:50,639 53272 INFO DACN_Odoo odoo.modules.loading: loading base/views/ir_sequence_views.xml 
2024-11-19 17:21:50,684 53272 INFO DACN_Odoo odoo.modules.loading: loading base/views/ir_ui_menu_views.xml 
2024-11-19 17:21:50,726 53272 INFO DACN_Odoo odoo.modules.loading: loading base/views/ir_ui_view_views.xml 
2024-11-19 17:21:50,812 53272 INFO DACN_Odoo odoo.modules.loading: loading base/views/ir_default_views.xml 
2024-11-19 17:21:50,854 53272 INFO DACN_Odoo odoo.modules.loading: loading base/data/ir_cron_data.xml 
2024-11-19 17:21:50,887 53272 INFO DACN_Odoo odoo.modules.loading: loading base/report/ir_model_report.xml 
2024-11-19 17:21:50,897 53272 INFO DACN_Odoo odoo.modules.loading: loading base/report/ir_model_templates.xml 
2024-11-19 17:21:50,919 53272 INFO DACN_Odoo odoo.modules.loading: loading base/views/ir_logging_views.xml 
2024-11-19 17:21:50,962 53272 INFO DACN_Odoo odoo.modules.loading: loading base/views/ir_qweb_widget_templates.xml 
2024-11-19 17:21:50,994 53272 INFO DACN_Odoo odoo.modules.loading: loading base/views/ir_module_views.xml 
2024-11-19 17:21:51,085 53272 INFO DACN_Odoo odoo.modules.loading: loading base/data/ir_module_category_data.xml 
2024-11-19 17:21:51,223 53272 INFO DACN_Odoo odoo.modules.loading: loading base/data/ir_module_module.xml 
2024-11-19 17:21:51,353 53272 INFO DACN_Odoo odoo.modules.loading: loading base/report/ir_module_reports.xml 
2024-11-19 17:21:51,360 53272 INFO DACN_Odoo odoo.modules.loading: loading base/report/ir_module_report_templates.xml 
2024-11-19 17:21:51,379 53272 INFO DACN_Odoo odoo.modules.loading: loading base/wizard/base_module_update_views.xml 
2024-11-19 17:21:51,406 53272 INFO DACN_Odoo odoo.modules.loading: loading base/wizard/base_language_install_views.xml 
2024-11-19 17:21:51,435 53272 INFO DACN_Odoo odoo.modules.loading: loading base/wizard/base_import_language_views.xml 
2024-11-19 17:21:51,466 53272 INFO DACN_Odoo odoo.modules.loading: loading base/wizard/base_module_upgrade_views.xml 
2024-11-19 17:21:51,507 53272 INFO DACN_Odoo odoo.modules.loading: loading base/wizard/base_module_uninstall_views.xml 
2024-11-19 17:21:51,528 53272 INFO DACN_Odoo odoo.modules.loading: loading base/wizard/base_export_language_views.xml 
2024-11-19 17:21:51,561 53272 INFO DACN_Odoo odoo.modules.loading: loading base/wizard/base_partner_merge_views.xml 
2024-11-19 17:21:51,594 53272 INFO DACN_Odoo odoo.modules.loading: loading base/data/ir_demo_failure_data.xml 
2024-11-19 17:21:51,633 53272 INFO DACN_Odoo odoo.modules.loading: loading base/views/ir_profile_views.xml 
2024-11-19 17:21:51,689 53272 INFO DACN_Odoo odoo.modules.loading: loading base/views/res_company_views.xml 
2024-11-19 17:21:51,745 53272 INFO DACN_Odoo odoo.modules.loading: loading base/views/res_lang_views.xml 
2024-11-19 17:21:51,792 53272 INFO DACN_Odoo odoo.modules.loading: loading base/views/res_partner_views.xml 
2024-11-19 17:21:51,959 53272 INFO DACN_Odoo odoo.modules.loading: loading base/views/res_bank_views.xml 
2024-11-19 17:21:52,016 53272 INFO DACN_Odoo odoo.modules.loading: loading base/views/res_country_views.xml 
2024-11-19 17:21:52,090 53272 INFO DACN_Odoo odoo.modules.loading: loading base/views/res_currency_views.xml 
2024-11-19 17:21:52,239 53272 INFO DACN_Odoo odoo.modules.loading: loading base/views/res_users_views.xml 
2024-11-19 17:21:52,424 53272 INFO DACN_Odoo odoo.modules.loading: loading base/views/res_users_identitycheck_views.xml 
2024-11-19 17:21:52,450 53272 INFO DACN_Odoo odoo.modules.loading: loading base/views/ir_property_views.xml 
2024-11-19 17:21:52,494 53272 INFO DACN_Odoo odoo.modules.loading: loading base/views/res_config_settings_views.xml 
2024-11-19 17:21:52,514 53272 INFO DACN_Odoo odoo.modules.loading: loading base/views/report_paperformat_views.xml 
2024-11-19 17:21:52,574 53272 INFO DACN_Odoo odoo.modules.loading: loading base/security/ir.model.access.csv 
2024-11-19 17:21:52,812 53272 INFO DACN_Odoo odoo.modules.loading: Module base: loading demo 
2024-11-19 17:21:52,813 53272 INFO DACN_Odoo odoo.modules.loading: loading base/data/res_users_demo.xml 
2024-11-19 17:21:54,980 53272 INFO DACN_Odoo odoo.modules.loading: loading base/data/res_partner_bank_demo.xml 
2024-11-19 17:21:54,989 53272 INFO DACN_Odoo odoo.modules.loading: loading base/data/res_currency_demo.xml 
2024-11-19 17:21:55,007 53272 INFO DACN_Odoo odoo.modules.loading: loading base/data/res_currency_rate_demo.xml 
2024-11-19 17:21:55,475 53272 INFO DACN_Odoo odoo.modules.loading: loading base/data/res_bank_demo.xml 
2024-11-19 17:21:55,484 53272 INFO DACN_Odoo odoo.modules.loading: loading base/data/res_partner_demo.xml 
2024-11-19 17:21:55,924 53272 INFO DACN_Odoo odoo.modules.loading: loading base/data/res_partner_image_demo.xml 
2024-11-19 17:21:56,312 53272 INFO DACN_Odoo odoo.addons.base.models.ir_module: module base: loading translation file d:\sgu\nam 4\hki\dacn\odoo\server\odoo\addons\base\i18n\vi.po for language vi_VN 
2024-11-19 17:21:56,312 53272 INFO DACN_Odoo odoo.tools.translate: loading base translation file d:\sgu\nam 4\hki\dacn\odoo\server\odoo\addons\base\i18n\vi.po for language vi_VN 
2024-11-19 17:21:57,773 53272 INFO DACN_Odoo odoo.modules.loading: Module base loaded in 18.24s, 9091 queries (+9091 other) 
2024-11-19 17:21:57,774 53272 INFO DACN_Odoo odoo.modules.loading: 1 modules loaded in 18.25s, 9091 queries (+9091 extra) 
2024-11-19 17:21:57,827 53272 INFO DACN_Odoo odoo.addons.base.models.ir_module: module base: loading translation file d:\sgu\nam 4\hki\dacn\odoo\server\odoo\addons\base\i18n\vi.po for language vi_VN 
2024-11-19 17:21:57,828 53272 INFO DACN_Odoo odoo.tools.translate: loading base translation file d:\sgu\nam 4\hki\dacn\odoo\server\odoo\addons\base\i18n\vi.po for language vi_VN 
2024-11-19 17:21:58,783 53272 INFO DACN_Odoo odoo.modules.loading: updating modules list 
2024-11-19 17:21:58,784 53272 INFO DACN_Odoo odoo.addons.base.models.ir_module: ALLOW access to module.update_list on [] to user __system__ #1 via n/a 
2024-11-19 17:22:00,029 53272 INFO DACN_Odoo odoo.modules.loading: loading 11 modules... 
2024-11-19 17:22:00,029 53272 INFO DACN_Odoo odoo.modules.loading: Loading module web (2/11) 
2024-11-19 17:22:00,062 53272 INFO DACN_Odoo odoo.modules.registry: module web: creating or updating database tables 
2024-11-19 17:22:00,897 53272 INFO DACN_Odoo odoo.modules.loading: loading web/security/ir.model.access.csv 
2024-11-19 17:22:00,930 53272 INFO DACN_Odoo odoo.modules.loading: loading web/views/webclient_templates.xml 
2024-11-19 17:22:01,008 53272 INFO DACN_Odoo odoo.modules.loading: loading web/views/report_templates.xml 
2024-11-19 17:22:01,131 53272 INFO DACN_Odoo odoo.modules.loading: loading web/views/base_document_layout_views.xml 
2024-11-19 17:22:01,149 53272 INFO DACN_Odoo odoo.modules.loading: loading web/views/partner_view.xml 
2024-11-19 17:22:01,159 53272 INFO DACN_Odoo odoo.modules.loading: loading web/views/speedscope_template.xml 
2024-11-19 17:22:01,168 53272 INFO DACN_Odoo odoo.modules.loading: loading web/views/neutralize_views.xml 
2024-11-19 17:22:01,179 53272 INFO DACN_Odoo odoo.modules.loading: loading web/data/ir_attachment.xml 
2024-11-19 17:22:01,200 53272 INFO DACN_Odoo odoo.modules.loading: loading web/data/report_layout.xml 
2024-11-19 17:22:01,258 53272 INFO DACN_Odoo odoo.addons.base.models.ir_module: module web: loading translation file d:\sgu\nam 4\hki\dacn\odoo\server\odoo\addons\web\i18n\vi.po for language vi_VN 
2024-11-19 17:22:01,268 53272 INFO DACN_Odoo odoo.tools.translate: loading base translation file d:\sgu\nam 4\hki\dacn\odoo\server\odoo\addons\web\i18n\vi.po for language vi_VN 
2024-11-19 17:22:01,636 53272 INFO DACN_Odoo odoo.modules.loading: Module web loaded in 1.61s, 1012 queries (+1012 other) 
2024-11-19 17:22:01,636 53272 INFO DACN_Odoo odoo.modules.loading: Loading module auth_totp (3/11) 
2024-11-19 17:22:02,033 53272 INFO DACN_Odoo odoo.modules.registry: module auth_totp: creating or updating database tables 
2024-11-19 17:22:02,143 53272 INFO DACN_Odoo odoo.modules.loading: loading auth_totp/security/security.xml 
2024-11-19 17:22:02,210 53272 INFO DACN_Odoo odoo.modules.loading: loading auth_totp/security/ir.model.access.csv 
2024-11-19 17:22:02,229 53272 INFO DACN_Odoo odoo.modules.loading: loading auth_totp/data/ir_action_data.xml 
2024-11-19 17:22:02,243 53272 INFO DACN_Odoo odoo.modules.loading: loading auth_totp/views/res_users_views.xml 
2024-11-19 17:22:02,297 53272 INFO DACN_Odoo odoo.modules.loading: loading auth_totp/views/templates.xml 
2024-11-19 17:22:02,332 53272 INFO DACN_Odoo odoo.modules.loading: loading auth_totp/wizard/auth_totp_wizard_views.xml 
2024-11-19 17:22:02,364 53272 INFO DACN_Odoo odoo.addons.base.models.ir_module: module auth_totp: loading translation file d:\sgu\nam 4\hki\dacn\odoo\server\odoo\addons\auth_totp\i18n\vi.po for language vi_VN 
2024-11-19 17:22:02,364 53272 INFO DACN_Odoo odoo.tools.translate: loading base translation file d:\sgu\nam 4\hki\dacn\odoo\server\odoo\addons\auth_totp\i18n\vi.po for language vi_VN 
2024-11-19 17:22:02,398 53272 INFO DACN_Odoo odoo.modules.loading: Module auth_totp loaded in 0.76s, 185 queries (+185 other) 
2024-11-19 17:22:02,398 53272 INFO DACN_Odoo odoo.modules.loading: Loading module base_import (4/11) 
2024-11-19 17:22:02,482 53272 INFO DACN_Odoo odoo.modules.registry: module base_import: creating or updating database tables 
2024-11-19 17:22:03,279 53272 INFO DACN_Odoo odoo.modules.loading: loading base_import/security/ir.model.access.csv 
2024-11-19 17:22:03,299 53272 INFO DACN_Odoo odoo.addons.base.models.ir_module: module base_import: loading translation file d:\sgu\nam 4\hki\dacn\odoo\server\odoo\addons\base_import\i18n\vi.po for language vi_VN 
2024-11-19 17:22:03,299 53272 INFO DACN_Odoo odoo.tools.translate: loading base translation file d:\sgu\nam 4\hki\dacn\odoo\server\odoo\addons\base_import\i18n\vi.po for language vi_VN 
2024-11-19 17:22:03,324 53272 INFO DACN_Odoo odoo.modules.loading: Module base_import loaded in 0.93s, 819 queries (+819 other) 
2024-11-19 17:22:03,325 53272 INFO DACN_Odoo odoo.modules.loading: Loading module base_import_module (5/11) 
2024-11-19 17:22:03,426 53272 INFO DACN_Odoo odoo.modules.registry: module base_import_module: creating or updating database tables 
2024-11-19 17:22:03,535 53272 INFO DACN_Odoo odoo.modules.loading: loading base_import_module/security/ir.model.access.csv 
2024-11-19 17:22:03,550 53272 INFO DACN_Odoo odoo.modules.loading: loading base_import_module/views/base_import_module_view.xml 
2024-11-19 17:22:03,585 53272 INFO DACN_Odoo odoo.modules.loading: loading base_import_module/views/ir_module_views.xml 
2024-11-19 17:22:03,649 53272 INFO DACN_Odoo odoo.addons.base.models.ir_module: module base_import_module: loading translation file d:\sgu\nam 4\hki\dacn\odoo\server\odoo\addons\base_import_module\i18n\vi.po for language vi_VN 
2024-11-19 17:22:03,649 53272 INFO DACN_Odoo odoo.tools.translate: loading base translation file d:\sgu\nam 4\hki\dacn\odoo\server\odoo\addons\base_import_module\i18n\vi.po for language vi_VN 
2024-11-19 17:22:03,686 53272 INFO DACN_Odoo odoo.modules.loading: Module base_import_module loaded in 0.36s, 163 queries (+163 other) 
2024-11-19 17:22:03,686 53272 INFO DACN_Odoo odoo.modules.loading: Loading module base_setup (6/11) 
2024-11-19 17:22:03,760 53272 INFO DACN_Odoo odoo.modules.registry: module base_setup: creating or updating database tables 
2024-11-19 17:22:03,836 53272 INFO DACN_Odoo odoo.modules.loading: loading base_setup/data/base_setup_data.xml 
2024-11-19 17:22:03,844 53272 INFO DACN_Odoo odoo.modules.loading: loading base_setup/views/res_config_settings_views.xml 
2024-11-19 17:22:03,908 53272 INFO DACN_Odoo odoo.modules.loading: loading base_setup/views/res_partner_views.xml 
2024-11-19 17:22:03,938 53272 INFO DACN_Odoo odoo.addons.base.models.ir_module: module base_setup: loading translation file d:\sgu\nam 4\hki\dacn\odoo\server\odoo\addons\base_setup\i18n\vi.po for language vi_VN 
2024-11-19 17:22:03,938 53272 INFO DACN_Odoo odoo.tools.translate: loading base translation file d:\sgu\nam 4\hki\dacn\odoo\server\odoo\addons\base_setup\i18n\vi.po for language vi_VN 
2024-11-19 17:22:03,977 53272 INFO DACN_Odoo odoo.modules.loading: Module base_setup loaded in 0.29s, 147 queries (+147 other) 
2024-11-19 17:22:03,977 53272 INFO DACN_Odoo odoo.modules.loading: Loading module bus (7/11) 
2024-11-19 17:22:04,183 53272 INFO DACN_Odoo odoo.modules.registry: module bus: creating or updating database tables 
2024-11-19 17:22:04,317 53272 INFO DACN_Odoo odoo.modules.loading: loading bus/security/ir.model.access.csv 
2024-11-19 17:22:04,345 53272 INFO DACN_Odoo odoo.addons.base.models.ir_module: module bus: loading translation file d:\sgu\nam 4\hki\dacn\odoo\server\odoo\addons\bus\i18n\vi.po for language vi_VN 
2024-11-19 17:22:04,356 53272 INFO DACN_Odoo odoo.tools.translate: loading base translation file d:\sgu\nam 4\hki\dacn\odoo\server\odoo\addons\bus\i18n\vi.po for language vi_VN 
2024-11-19 17:22:04,383 53272 INFO DACN_Odoo odoo.modules.loading: Module bus loaded in 0.41s, 120 queries (+120 other) 
2024-11-19 17:22:04,383 53272 INFO DACN_Odoo odoo.modules.loading: Loading module web_tour (8/11) 
2024-11-19 17:22:04,412 53272 INFO DACN_Odoo odoo.modules.registry: module web_tour: creating or updating database tables 
2024-11-19 17:22:04,463 53272 INFO DACN_Odoo odoo.modules.loading: loading web_tour/security/ir.model.access.csv 
2024-11-19 17:22:04,480 53272 INFO DACN_Odoo odoo.modules.loading: loading web_tour/security/ir.rule.csv 
2024-11-19 17:22:04,495 53272 INFO DACN_Odoo odoo.modules.loading: loading web_tour/views/tour_views.xml 
2024-11-19 17:22:04,535 53272 INFO DACN_Odoo odoo.addons.base.models.ir_module: module web_tour: loading translation file d:\sgu\nam 4\hki\dacn\odoo\server\odoo\addons\web_tour\i18n\vi.po for language vi_VN 
2024-11-19 17:22:04,535 53272 INFO DACN_Odoo odoo.tools.translate: loading base translation file d:\sgu\nam 4\hki\dacn\odoo\server\odoo\addons\web_tour\i18n\vi.po for language vi_VN 
2024-11-19 17:22:04,561 53272 INFO DACN_Odoo odoo.modules.loading: Module web_tour loaded in 0.18s, 111 queries (+111 other) 
2024-11-19 17:22:04,563 53272 INFO DACN_Odoo odoo.modules.loading: Loading module iap (9/11) 
2024-11-19 17:22:04,642 53272 INFO DACN_Odoo odoo.modules.registry: module iap: creating or updating database tables 
2024-11-19 17:22:04,796 53272 INFO DACN_Odoo odoo.modules.loading: loading iap/security/ir.model.access.csv 
2024-11-19 17:22:04,835 53272 INFO DACN_Odoo odoo.modules.loading: loading iap/security/ir_rule.xml 
2024-11-19 17:22:04,860 53272 INFO DACN_Odoo odoo.modules.loading: loading iap/views/iap_views.xml 
2024-11-19 17:22:04,939 53272 INFO DACN_Odoo odoo.modules.loading: loading iap/views/res_config_settings.xml 
2024-11-19 17:22:04,989 53272 INFO DACN_Odoo odoo.addons.base.models.ir_module: module iap: loading translation file d:\sgu\nam 4\hki\dacn\odoo\server\odoo\addons\iap\i18n\vi.po for language vi_VN 
2024-11-19 17:22:05,007 53272 INFO DACN_Odoo odoo.tools.translate: loading base translation file d:\sgu\nam 4\hki\dacn\odoo\server\odoo\addons\iap\i18n\vi.po for language vi_VN 
2024-11-19 17:22:05,065 53272 INFO DACN_Odoo odoo.modules.loading: Module iap loaded in 0.50s, 159 queries (+159 other) 
2024-11-19 17:22:05,065 53272 INFO DACN_Odoo odoo.modules.loading: Loading module web_editor (10/11) 
2024-11-19 17:22:05,415 53272 INFO DACN_Odoo odoo.modules.registry: module web_editor: creating or updating database tables 
2024-11-19 17:22:06,516 53272 INFO DACN_Odoo odoo.modules.loading: loading web_editor/security/ir.model.access.csv 
2024-11-19 17:22:06,551 53272 INFO DACN_Odoo odoo.modules.loading: loading web_editor/data/editor_assets.xml 
2024-11-19 17:22:06,561 53272 INFO DACN_Odoo odoo.modules.loading: loading web_editor/views/editor.xml 
2024-11-19 17:22:06,587 53272 INFO DACN_Odoo odoo.modules.loading: loading web_editor/views/snippets.xml 
2024-11-19 17:22:06,639 53272 INFO DACN_Odoo odoo.addons.base.models.ir_module: module web_editor: loading translation file d:\sgu\nam 4\hki\dacn\odoo\server\odoo\addons\web_editor\i18n\vi.po for language vi_VN 
2024-11-19 17:22:06,640 53272 INFO DACN_Odoo odoo.tools.translate: loading base translation file d:\sgu\nam 4\hki\dacn\odoo\server\odoo\addons\web_editor\i18n\vi.po for language vi_VN 
2024-11-19 17:22:06,711 53272 INFO DACN_Odoo odoo.modules.loading: Module web_editor loaded in 1.65s, 927 queries (+927 other) 
2024-11-19 17:22:06,711 53272 INFO DACN_Odoo odoo.modules.loading: Loading module web_unsplash (11/11) 
2024-11-19 17:22:06,753 53272 INFO DACN_Odoo odoo.modules.registry: module web_unsplash: creating or updating database tables 
2024-11-19 17:22:06,822 53272 INFO DACN_Odoo odoo.modules.loading: loading web_unsplash/views/res_config_settings_view.xml 
2024-11-19 17:22:06,866 53272 INFO DACN_Odoo odoo.addons.base.models.ir_module: module web_unsplash: loading translation file d:\sgu\nam 4\hki\dacn\odoo\server\odoo\addons\web_unsplash\i18n\vi.po for language vi_VN 
2024-11-19 17:22:06,867 53272 INFO DACN_Odoo odoo.tools.translate: loading base translation file d:\sgu\nam 4\hki\dacn\odoo\server\odoo\addons\web_unsplash\i18n\vi.po for language vi_VN 
2024-11-19 17:22:06,892 53272 INFO DACN_Odoo odoo.modules.loading: Module web_unsplash loaded in 0.18s, 100 queries (+100 other) 
2024-11-19 17:22:06,892 53272 INFO DACN_Odoo odoo.modules.loading: 11 modules loaded in 6.86s, 3743 queries (+3743 extra) 
2024-11-19 17:22:07,314 53272 INFO DACN_Odoo odoo.modules.loading: Modules loaded. 
2024-11-19 17:22:07,317 53272 INFO DACN_Odoo odoo.modules.registry: Registry loaded in 27.823s 
2024-11-19 17:22:07,324 53272 INFO DACN_Odoo odoo.addons.base.models.ir_module: module base: loading translation file d:\sgu\nam 4\hki\dacn\odoo\server\odoo\addons\base\i18n\vi.po for language vi_VN 
2024-11-19 17:22:07,324 53272 INFO DACN_Odoo odoo.tools.translate: loading base translation file d:\sgu\nam 4\hki\dacn\odoo\server\odoo\addons\base\i18n\vi.po for language vi_VN 
2024-11-19 17:22:07,685 53272 INFO DACN_Odoo odoo.addons.base.models.ir_module: module web: loading translation file d:\sgu\nam 4\hki\dacn\odoo\server\odoo\addons\web\i18n\vi.po for language vi_VN 
2024-11-19 17:22:07,685 53272 INFO DACN_Odoo odoo.tools.translate: loading base translation file d:\sgu\nam 4\hki\dacn\odoo\server\odoo\addons\web\i18n\vi.po for language vi_VN 
2024-11-19 17:22:08,042 53272 INFO DACN_Odoo odoo.addons.base.models.ir_module: module auth_totp: loading translation file d:\sgu\nam 4\hki\dacn\odoo\server\odoo\addons\auth_totp\i18n\vi.po for language vi_VN 
2024-11-19 17:22:08,042 53272 INFO DACN_Odoo odoo.tools.translate: loading base translation file d:\sgu\nam 4\hki\dacn\odoo\server\odoo\addons\auth_totp\i18n\vi.po for language vi_VN 
2024-11-19 17:22:08,052 53272 INFO DACN_Odoo odoo.addons.base.models.ir_module: module base_import: loading translation file d:\sgu\nam 4\hki\dacn\odoo\server\odoo\addons\base_import\i18n\vi.po for language vi_VN 
2024-11-19 17:22:08,052 53272 INFO DACN_Odoo odoo.tools.translate: loading base translation file d:\sgu\nam 4\hki\dacn\odoo\server\odoo\addons\base_import\i18n\vi.po for language vi_VN 
2024-11-19 17:22:08,063 53272 INFO DACN_Odoo odoo.addons.base.models.ir_module: module base_import_module: loading translation file d:\sgu\nam 4\hki\dacn\odoo\server\odoo\addons\base_import_module\i18n\vi.po for language vi_VN 
2024-11-19 17:22:08,064 53272 INFO DACN_Odoo odoo.tools.translate: loading base translation file d:\sgu\nam 4\hki\dacn\odoo\server\odoo\addons\base_import_module\i18n\vi.po for language vi_VN 
2024-11-19 17:22:08,070 53272 INFO DACN_Odoo odoo.addons.base.models.ir_module: module base_setup: loading translation file d:\sgu\nam 4\hki\dacn\odoo\server\odoo\addons\base_setup\i18n\vi.po for language vi_VN 
2024-11-19 17:22:08,070 53272 INFO DACN_Odoo odoo.tools.translate: loading base translation file d:\sgu\nam 4\hki\dacn\odoo\server\odoo\addons\base_setup\i18n\vi.po for language vi_VN 
2024-11-19 17:22:08,082 53272 INFO DACN_Odoo odoo.addons.base.models.ir_module: module bus: loading translation file d:\sgu\nam 4\hki\dacn\odoo\server\odoo\addons\bus\i18n\vi.po for language vi_VN 
2024-11-19 17:22:08,082 53272 INFO DACN_Odoo odoo.tools.translate: loading base translation file d:\sgu\nam 4\hki\dacn\odoo\server\odoo\addons\bus\i18n\vi.po for language vi_VN 
2024-11-19 17:22:08,086 53272 INFO DACN_Odoo odoo.addons.base.models.ir_module: module iap: loading translation file d:\sgu\nam 4\hki\dacn\odoo\server\odoo\addons\iap\i18n\vi.po for language vi_VN 
2024-11-19 17:22:08,086 53272 INFO DACN_Odoo odoo.tools.translate: loading base translation file d:\sgu\nam 4\hki\dacn\odoo\server\odoo\addons\iap\i18n\vi.po for language vi_VN 
2024-11-19 17:22:08,091 53272 INFO DACN_Odoo odoo.addons.base.models.ir_module: module web_editor: loading translation file d:\sgu\nam 4\hki\dacn\odoo\server\odoo\addons\web_editor\i18n\vi.po for language vi_VN 
2024-11-19 17:22:08,092 53272 INFO DACN_Odoo odoo.tools.translate: loading base translation file d:\sgu\nam 4\hki\dacn\odoo\server\odoo\addons\web_editor\i18n\vi.po for language vi_VN 
2024-11-19 17:22:08,129 53272 INFO DACN_Odoo odoo.addons.base.models.ir_module: module web_tour: loading translation file d:\sgu\nam 4\hki\dacn\odoo\server\odoo\addons\web_tour\i18n\vi.po for language vi_VN 
2024-11-19 17:22:08,130 53272 INFO DACN_Odoo odoo.tools.translate: loading base translation file d:\sgu\nam 4\hki\dacn\odoo\server\odoo\addons\web_tour\i18n\vi.po for language vi_VN 
2024-11-19 17:22:08,136 53272 INFO DACN_Odoo odoo.addons.base.models.ir_module: module web_unsplash: loading translation file d:\sgu\nam 4\hki\dacn\odoo\server\odoo\addons\web_unsplash\i18n\vi.po for language vi_VN 
2024-11-19 17:22:08,137 53272 INFO DACN_Odoo odoo.tools.translate: loading base translation file d:\sgu\nam 4\hki\dacn\odoo\server\odoo\addons\web_unsplash\i18n\vi.po for language vi_VN 
2024-11-19 17:22:10,318 53272 INFO DACN_Odoo odoo.addons.base.models.res_users: Login successful for db:DACN_Odoo login:admin from 127.0.0.1 
2024-11-19 17:22:10,336 53272 INFO DACN_Odoo werkzeug: 127.0.0.1 - - [19/Nov/2024 17:22:10] "POST /web/database/create HTTP/1.1" 303 - 18869 15.250 21.156
2024-11-19 17:22:10,669 53272 INFO DACN_Odoo odoo.addons.base.models.ir_http: Generating routing map for key None 
2024-11-19 17:22:10,692 53272 INFO DACN_Odoo werkzeug: 127.0.0.1 - - [19/Nov/2024 17:22:10] "GET /web HTTP/1.1" 303 - 9 0.009 0.030
2024-11-19 17:22:11,470 53272 INFO DACN_Odoo werkzeug: 127.0.0.1 - - [19/Nov/2024 17:22:11] "GET /web/login HTTP/1.1" 200 - 54 0.048 0.503
2024-11-19 17:22:12,022 53272 INFO DACN_Odoo werkzeug: 127.0.0.1 - - [19/Nov/2024 17:22:12] "GET /web/binary/company_logo HTTP/1.1" 200 - 5 0.033 0.135
2024-11-19 17:22:12,473 53272 INFO DACN_Odoo odoo.addons.base.models.assetsbundle: Generating a new asset bundle attachment /web/assets/55b17d3/web.assets_frontend_minimal.min.js (id:188) 
2024-11-19 17:22:19,357 53272 INFO DACN_Odoo werkzeug: 127.0.0.1 - - [19/Nov/2024 17:22:19] "GET /web/assets/55b17d3/web.assets_frontend_minimal.min.js HTTP/1.1" 200 - 15 0.036 6.983
2024-11-19 17:22:19,415 53272 INFO DACN_Odoo odoo.addons.base.models.assetsbundle: Generating a new asset bundle attachment /web/assets/1619469/web.assets_frontend.min.css (id:189) 
2024-11-19 17:22:19,429 53272 INFO DACN_Odoo werkzeug: 127.0.0.1 - - [19/Nov/2024 17:22:19] "GET /web/assets/1619469/web.assets_frontend.min.css HTTP/1.1" 200 - 12 0.036 7.855
2024-11-19 17:22:20,413 53272 INFO DACN_Odoo werkzeug: 127.0.0.1 - - [19/Nov/2024 17:22:20] "GET /web/login/ws HTTP/1.1" 404 - 2 0.003 0.005
2024-11-19 17:22:26,022 53272 INFO DACN_Odoo odoo.addons.base.models.assetsbundle: Generating a new asset bundle attachment /web/assets/d1dc18f/web.assets_frontend_lazy.min.js (id:190) 
2024-11-19 17:22:26,235 53272 INFO DACN_Odoo werkzeug: 127.0.0.1 - - [19/Nov/2024 17:22:26] "GET /web/assets/d1dc18f/web.assets_frontend_lazy.min.js HTTP/1.1" 200 - 12 0.014 5.814
2024-11-19 17:22:27,618 53272 INFO DACN_Odoo werkzeug: 127.0.0.1 - - [19/Nov/2024 17:22:27] "GET /web/webclient/translations/1732036946351 HTTP/1.1" 200 - 7 0.003 0.959
2024-11-19 17:22:27,959 53272 INFO DACN_Odoo odoo.addons.base.models.res_users: Login successful for db:DACN_Odoo login:admin from 127.0.0.1 
2024-11-19 17:22:27,969 53272 INFO DACN_Odoo werkzeug: 127.0.0.1 - - [19/Nov/2024 17:22:27] "POST /web/login HTTP/1.1" 303 - 30 0.058 0.914
2024-11-19 17:22:28,307 53272 INFO DACN_Odoo werkzeug: 127.0.0.1 - - [19/Nov/2024 17:22:28] "GET /web HTTP/1.1" 200 - 63 0.046 0.286
2024-11-19 17:22:28,802 53272 INFO DACN_Odoo werkzeug: 127.0.0.1 - - [19/Nov/2024 17:22:28] "GET /web/webclient/load_menus/96e12138e345c860b114040653981f0449a28cfb42c8fb8cc4d4d330743057fc HTTP/1.1" 200 - 1 0.007 0.065
2024-11-19 17:22:28,826 53272 INFO DACN_Odoo werkzeug: 127.0.0.1 - - [19/Nov/2024 17:22:28] "GET /web/webclient/translations/6f387fe77294b672eed91c2a3643c4511d0eac10?lang=vi_VN HTTP/1.1" 200 - 3 0.015 0.079
2024-11-19 17:22:36,683 53272 INFO DACN_Odoo odoo.addons.base.models.assetsbundle: Generating a new asset bundle attachment /web/assets/35250ae/web.assets_web.min.css (id:191) 
2024-11-19 17:22:36,777 53272 INFO DACN_Odoo werkzeug: 127.0.0.1 - - [19/Nov/2024 17:22:36] "GET /web/assets/35250ae/web.assets_web.min.css HTTP/1.1" 200 - 12 0.042 8.038
2024-11-19 17:22:43,497 53272 INFO DACN_Odoo odoo.addons.base.models.assetsbundle: Generating a new asset bundle attachment /web/assets/4c82636/web.assets_web.min.js (id:192) 
2024-11-19 17:22:44,036 53272 INFO DACN_Odoo werkzeug: 127.0.0.1 - - [19/Nov/2024 17:22:44] "GET /web/assets/4c82636/web.assets_web.min.js HTTP/1.1" 200 - 11 0.015 15.322
2024-11-19 17:22:44,583 53272 INFO ? werkzeug: 127.0.0.1 - - [19/Nov/2024 17:22:44] "GET /web/static/lib/odoo_ui_icons/fonts/odoo_ui_icons.woff2 HTTP/1.1" 200 - 0 0.000 0.019
2024-11-19 17:22:44,635 53272 INFO DACN_Odoo werkzeug: 127.0.0.1 - - [19/Nov/2024 17:22:44] "POST /web/action/load HTTP/1.1" 200 - 9 0.031 0.017
2024-11-19 17:22:44,668 53272 INFO DACN_Odoo werkzeug: 127.0.0.1 - - [19/Nov/2024 17:22:44] "GET /web/service-worker.js HTTP/1.1" 200 - 1 0.003 0.026
2024-11-19 17:22:44,676 53272 INFO DACN_Odoo werkzeug: 127.0.0.1 - - [19/Nov/2024 17:22:44] "GET /web/ws HTTP/1.1" 404 - 2 0.002 0.004
2024-11-19 17:22:44,682 53272 INFO DACN_Odoo werkzeug: 127.0.0.1 - - [19/Nov/2024 17:22:44] "GET /web/image?model=res.users&field=avatar_128&id=2 HTTP/1.1" 200 - 9 0.016 0.040
2024-11-19 17:22:44,694 53272 INFO DACN_Odoo odoo.addons.base.models.assetsbundle: Generating a new asset bundle attachment /web/assets/ca2b888/bus.websocket_worker_assets.min.js (id:193) 
2024-11-19 17:22:44,723 53272 INFO DACN_Odoo werkzeug: 127.0.0.1 - - [19/Nov/2024 17:22:44] "GET /bus/websocket_worker_bundle?v=17.0-1 HTTP/1.1" 200 - 8 0.010 0.077
2024-11-19 17:22:44,915 53272 INFO DACN_Odoo werkzeug: 127.0.0.1 - - [19/Nov/2024 17:22:44] "POST /web/dataset/call_kw/ir.module.module/get_views HTTP/1.1" 200 - 48 0.043 0.046
2024-11-19 17:22:45,003 53272 INFO DACN_Odoo werkzeug: 127.0.0.1 - - [19/Nov/2024 17:22:45] "GET /web/offline HTTP/1.1" 200 - 6 0.005 0.017
2024-11-19 17:22:45,033 53272 INFO DACN_Odoo werkzeug: 127.0.0.1 - - [19/Nov/2024 17:22:45] "POST /web/dataset/call_kw/ir.module.module/search_panel_select_range HTTP/1.1" 200 - 1 0.001 0.004
2024-11-19 17:22:45,052 53272 INFO DACN_Odoo werkzeug: 127.0.0.1 - - [19/Nov/2024 17:22:45] "GET /websocket?version=17.0-1 HTTP/1.1" 101 - 1 0.001 0.006
2024-11-19 17:22:45,080 53272 INFO DACN_Odoo werkzeug: 127.0.0.1 - - [19/Nov/2024 17:22:45] "POST /web/dataset/call_kw/ir.module.module/search_panel_select_range HTTP/1.1" 200 - 40 0.031 0.018
2024-11-19 17:22:45,269 53272 INFO DACN_Odoo werkzeug: 127.0.0.1 - - [19/Nov/2024 17:22:45] "GET /web/manifest.webmanifest HTTP/1.1" 200 - 7 0.010 0.012
2024-11-19 17:22:45,282 53272 INFO ? werkzeug: 127.0.0.1 - - [19/Nov/2024 17:22:45] "GET /web/static/img/odoo-icon-192x192.png HTTP/1.1" 200 - 0 0.000 0.002
2024-11-19 17:22:45,367 53272 INFO ? odoo.addons.bus.models.bus: Bus.loop listen imbus on db postgres 
2024-11-19 17:22:45,822 53272 INFO DACN_Odoo werkzeug: 127.0.0.1 - - [19/Nov/2024 17:22:45] "POST /web/dataset/call_kw/ir.module.module/web_search_read HTTP/1.1" 200 - 3 0.008 0.567
2024-11-19 17:22:46,403 53272 INFO ? werkzeug: 127.0.0.1 - - [19/Nov/2024 17:22:46] "GET /pos_restaurant/static/description/icon.png HTTP/1.1" 200 - 0 0.000 0.003
2024-11-19 17:22:46,470 53272 INFO ? werkzeug: 127.0.0.1 - - [19/Nov/2024 17:22:46] "GET /account/static/description/icon.png HTTP/1.1" 200 - 0 0.000 0.006
2024-11-19 17:22:46,471 53272 INFO ? werkzeug: 127.0.0.1 - - [19/Nov/2024 17:22:46] "GET /base/static/img/icons/mrp_workorder.png HTTP/1.1" 200 - 0 0.000 0.005
2024-11-19 17:22:46,474 53272 INFO ? werkzeug: 127.0.0.1 - - [19/Nov/2024 17:22:46] "GET /website/static/description/icon.png HTTP/1.1" 200 - 0 0.000 0.005
2024-11-19 17:22:46,481 53272 INFO ? werkzeug: 127.0.0.1 - - [19/Nov/2024 17:22:46] "GET /base/static/img/icons/knowledge.png HTTP/1.1" 200 - 0 0.000 0.013
2024-11-19 17:22:46,482 53272 INFO ? werkzeug: 127.0.0.1 - - [19/Nov/2024 17:22:46] "GET /crm/static/description/icon.png HTTP/1.1" 200 - 0 0.000 0.015
2024-11-19 17:22:46,715 53272 INFO ? werkzeug: 127.0.0.1 - - [19/Nov/2024 17:22:46] "GET /point_of_sale/static/description/icon.png HTTP/1.1" 200 - 0 0.000 0.002
2024-11-19 17:22:46,780 53272 INFO ? werkzeug: 127.0.0.1 - - [19/Nov/2024 17:22:46] "GET /maintenance/static/description/icon.png HTTP/1.1" 200 - 0 0.000 0.005
2024-11-19 17:22:46,789 53272 INFO ? werkzeug: 127.0.0.1 - - [19/Nov/2024 17:22:46] "GET /project/static/description/icon.png HTTP/1.1" 200 - 0 0.000 0.007
2024-11-19 17:22:46,792 53272 INFO ? werkzeug: 127.0.0.1 - - [19/Nov/2024 17:22:46] "GET /base/static/img/icons/sign.png HTTP/1.1" 200 - 0 0.000 0.005
2024-11-19 17:22:46,798 53272 INFO ? werkzeug: 127.0.0.1 - - [19/Nov/2024 17:22:46] "GET /base/static/img/icons/helpdesk.png HTTP/1.1" 200 - 0 0.000 0.007
2024-11-19 17:22:46,802 53272 INFO ? werkzeug: 127.0.0.1 - - [19/Nov/2024 17:22:46] "GET /website_sale/static/description/icon.png HTTP/1.1" 200 - 0 0.000 0.007
2024-11-19 17:22:47,024 53272 INFO ? werkzeug: 127.0.0.1 - - [19/Nov/2024 17:22:47] "GET /website_slides/static/description/icon.png HTTP/1.1" 200 - 0 0.000 0.004
2024-11-19 17:22:47,104 53272 INFO ? werkzeug: 127.0.0.1 - - [19/Nov/2024 17:22:47] "GET /base/static/img/icons/timesheet_grid.png HTTP/1.1" 200 - 0 0.000 0.005
2024-11-19 17:22:47,105 53272 INFO ? werkzeug: 127.0.0.1 - - [19/Nov/2024 17:22:47] "GET /base/static/img/icons/web_studio.png HTTP/1.1" 200 - 0 0.000 0.004
2024-11-19 17:22:47,106 53272 INFO ? werkzeug: 127.0.0.1 - - [19/Nov/2024 17:22:47] "GET /purchase/static/description/icon.png HTTP/1.1" 200 - 0 0.000 0.006
2024-11-19 17:22:47,116 53272 INFO ? werkzeug: 127.0.0.1 - - [19/Nov/2024 17:22:47] "GET /hr_holidays/static/description/icon.png HTTP/1.1" 200 - 0 0.000 0.009
2024-11-19 17:22:47,119 53272 INFO ? werkzeug: 127.0.0.1 - - [19/Nov/2024 17:22:47] "GET /hr_expense/static/description/icon.png HTTP/1.1" 200 - 0 0.000 0.010
2024-11-19 17:22:47,332 53272 INFO ? werkzeug: 127.0.0.1 - - [19/Nov/2024 17:22:47] "GET /hr_recruitment/static/description/icon.png HTTP/1.1" 200 - 0 0.000 0.001
2024-11-19 17:22:47,412 53272 INFO ? werkzeug: 127.0.0.1 - - [19/Nov/2024 17:22:47] "GET /base/static/img/icons/industry_fsm.png HTTP/1.1" 200 - 0 0.000 0.004
2024-11-19 17:22:47,419 53272 INFO ? werkzeug: 127.0.0.1 - - [19/Nov/2024 17:22:47] "GET /base/static/img/icons/quality_control.png HTTP/1.1" 200 - 0 0.000 0.004
2024-11-19 17:22:47,419 53272 INFO ? werkzeug: 127.0.0.1 - - [19/Nov/2024 17:22:47] "GET /base/static/img/icons/account_accountant.png HTTP/1.1" 200 - 0 0.000 0.006
2024-11-19 17:22:47,429 53272 INFO ? werkzeug: 127.0.0.1 - - [19/Nov/2024 17:22:47] "GET /base/static/img/icons/planning.png HTTP/1.1" 200 - 0 0.000 0.007
2024-11-19 17:22:47,432 53272 INFO ? werkzeug: 127.0.0.1 - - [19/Nov/2024 17:22:47] "GET /base/static/img/icons/sale_subscription.png HTTP/1.1" 200 - 0 0.000 0.007
2024-11-19 17:22:47,654 53272 INFO ? werkzeug: 127.0.0.1 - - [19/Nov/2024 17:22:47] "GET /data_recycle/static/description/icon.png HTTP/1.1" 200 - 0 0.000 0.012
2024-11-19 17:22:47,723 53272 INFO ? werkzeug: 127.0.0.1 - - [19/Nov/2024 17:22:47] "GET /hr/static/description/icon.png HTTP/1.1" 200 - 0 0.000 0.003
2024-11-19 17:22:47,731 53272 INFO ? werkzeug: 127.0.0.1 - - [19/Nov/2024 17:22:47] "GET /mass_mailing/static/description/icon.png HTTP/1.1" 200 - 0 0.000 0.006
2024-11-19 17:22:47,733 53272 INFO ? werkzeug: 127.0.0.1 - - [19/Nov/2024 17:22:47] "GET /mrp/static/description/icon.png HTTP/1.1" 200 - 0 0.000 0.005
2024-11-19 17:22:47,742 53272 INFO ? werkzeug: 127.0.0.1 - - [19/Nov/2024 17:22:47] "GET /stock/static/description/icon.png HTTP/1.1" 200 - 0 0.000 0.006
2024-11-19 17:22:47,744 53272 INFO ? werkzeug: 127.0.0.1 - - [19/Nov/2024 17:22:47] "GET /website_event/static/description/icon.png HTTP/1.1" 200 - 0 0.000 0.005
2024-11-19 17:22:47,974 53272 INFO ? werkzeug: 127.0.0.1 - - [19/Nov/2024 17:22:47] "GET /mail/static/description/icon.png HTTP/1.1" 200 - 0 0.000 0.007
2024-11-19 17:22:48,031 53272 INFO ? werkzeug: 127.0.0.1 - - [19/Nov/2024 17:22:48] "GET /sale_management/static/description/icon.png HTTP/1.1" 200 - 0 0.000 0.002
2024-11-19 17:22:48,048 53272 INFO ? werkzeug: 127.0.0.1 - - [19/Nov/2024 17:22:48] "GET /contacts/static/description/icon.png HTTP/1.1" 200 - 0 0.000 0.003
2024-11-19 17:22:48,049 53272 INFO ? werkzeug: 127.0.0.1 - - [19/Nov/2024 17:22:48] "GET /base/static/img/icons/mrp_plm.png HTTP/1.1" 200 - 0 0.000 0.003
2024-11-19 17:22:48,060 53272 INFO ? werkzeug: 127.0.0.1 - - [19/Nov/2024 17:22:48] "GET /calendar/static/description/icon.png HTTP/1.1" 200 - 0 0.000 0.009
2024-11-19 17:22:48,061 53272 INFO ? werkzeug: 127.0.0.1 - - [19/Nov/2024 17:22:48] "GET /base/static/img/icons/social.png HTTP/1.1" 200 - 0 0.000 0.008
2024-11-19 17:22:48,296 53272 INFO ? werkzeug: 127.0.0.1 - - [19/Nov/2024 17:22:48] "GET /base/static/img/icons/hr_appraisal.png HTTP/1.1" 200 - 0 0.000 0.004
2024-11-19 17:22:48,342 53272 INFO ? werkzeug: 127.0.0.1 - - [19/Nov/2024 17:22:48] "GET /fleet/static/description/icon.png HTTP/1.1" 200 - 0 0.000 0.003
2024-11-19 17:22:48,361 53272 INFO ? werkzeug: 127.0.0.1 - - [19/Nov/2024 17:22:48] "GET /im_livechat/static/description/icon.png HTTP/1.1" 200 - 0 0.000 0.002
2024-11-19 17:22:48,361 53272 INFO ? werkzeug: 127.0.0.1 - - [19/Nov/2024 17:22:48] "GET /base/static/img/icons/marketing_automation.png HTTP/1.1" 200 - 0 0.000 0.003
2024-11-19 17:22:48,373 53272 INFO ? werkzeug: 127.0.0.1 - - [19/Nov/2024 17:22:48] "GET /base/static/img/icons/appointment.png HTTP/1.1" 200 - 0 0.000 0.006
2024-11-19 17:22:48,374 53272 INFO ? werkzeug: 127.0.0.1 - - [19/Nov/2024 17:22:48] "GET /survey/static/description/icon.png HTTP/1.1" 200 - 0 0.000 0.004
2024-11-19 17:22:48,627 53272 INFO ? werkzeug: 127.0.0.1 - - [19/Nov/2024 17:22:48] "GET /base/static/img/icons/web_mobile.png HTTP/1.1" 200 - 0 0.000 0.003
2024-11-19 17:22:48,662 53272 INFO ? werkzeug: 127.0.0.1 - - [19/Nov/2024 17:22:48] "GET /repair/static/description/icon.png HTTP/1.1" 200 - 0 0.000 0.003
2024-11-19 17:22:48,725 53272 INFO ? werkzeug: 127.0.0.1 - - [19/Nov/2024 17:22:48] "GET /hr_attendance/static/description/icon.png HTTP/1.1" 200 - 0 0.000 0.008
2024-11-19 17:22:48,727 53272 INFO ? werkzeug: 127.0.0.1 - - [19/Nov/2024 17:22:48] "GET /mass_mailing_sms/static/description/icon.png HTTP/1.1" 200 - 0 0.000 0.010
2024-11-19 17:22:48,751 53272 INFO ? werkzeug: 127.0.0.1 - - [19/Nov/2024 17:22:48] "GET /project_todo/static/description/icon.png HTTP/1.1" 200 - 0 0.000 0.002
2024-11-19 17:22:48,754 53272 INFO ? werkzeug: 127.0.0.1 - - [19/Nov/2024 17:22:48] "GET /base/static/img/icons/stock_barcode.png HTTP/1.1" 200 - 0 0.000 0.006
2024-11-19 17:22:48,972 53272 INFO ? werkzeug: 127.0.0.1 - - [19/Nov/2024 17:22:48] "GET /hr_skills/static/description/icon.png HTTP/1.1" 200 - 0 0.000 0.007
2024-11-19 17:22:49,030 53272 INFO ? werkzeug: 127.0.0.1 - - [19/Nov/2024 17:22:49] "GET /base/static/img/icons/voip.png HTTP/1.1" 200 - 0 0.000 0.002
2024-11-19 17:22:49,053 53272 INFO ? werkzeug: 127.0.0.1 - - [19/Nov/2024 17:22:49] "GET /lunch/static/description/icon.png HTTP/1.1" 200 - 0 0.000 0.010
2024-11-19 17:22:49,071 53272 INFO ? werkzeug: 127.0.0.1 - - [19/Nov/2024 17:22:49] "GET /website_hr_recruitment/static/description/icon.png HTTP/1.1" 200 - 0 0.000 0.006
2024-11-19 17:22:49,120 53272 INFO ? werkzeug: 127.0.0.1 - - [19/Nov/2024 17:22:49] "GET /base/static/img/icons/sale_ebay.png HTTP/1.1" 200 - 0 0.000 0.003
2024-11-19 17:22:49,120 53272 INFO ? werkzeug: 127.0.0.1 - - [19/Nov/2024 17:22:49] "GET /base/static/img/icons/sale_amazon.png HTTP/1.1" 200 - 0 0.000 0.005
2024-11-19 17:22:49,312 53272 INFO ? werkzeug: 127.0.0.1 - - [19/Nov/2024 17:22:49] "GET /hr_contract/static/description/icon.png HTTP/1.1" 200 - 0 0.000 0.005
2024-11-19 17:23:04,915 53272 INFO DACN_Odoo odoo.addons.base.models.ir_cron: Starting job `Base: Auto-vacuum internal data`. 
2024-11-19 17:23:04,982 53272 INFO DACN_Odoo odoo.addons.base.models.ir_attachment: filestore gc 61 checked, 0 removed 
2024-11-19 17:23:05,054 53272 INFO DACN_Odoo odoo.addons.base.models.res_users: GC'd 1 user log entries 
2024-11-19 17:23:05,105 53272 INFO DACN_Odoo odoo.addons.auth_totp.models.auth_totp: GC'd 0 totp devices entries 
2024-11-19 17:23:05,126 53272 INFO DACN_Odoo odoo.addons.base.models.ir_cron: Job done: `Base: Auto-vacuum internal data` (0.212s). 
2024-11-19 17:23:05,134 53272 INFO DACN_Odoo odoo.addons.base.models.ir_cron: Starting job `Base: Portal Users Deletion`. 
2024-11-19 17:23:05,142 53272 INFO DACN_Odoo odoo.addons.base.models.ir_cron: Job done: `Base: Portal Users Deletion` (0.006s). 
2024-11-19 17:39:38,068 7664 INFO ? odoo: Odoo version 17.0-20241001 
2024-11-19 17:39:38,069 7664 INFO ? odoo: Using configuration file at D:\sgu\Nam 4\HKI\DACN\Odoo\server\odoo.conf 
2024-11-19 17:39:38,069 7664 INFO ? odoo: addons paths: ['D:\\sgu\\Nam 4\\HKI\\DACN\\Odoo\\server\\odoo\\addons', 'd:\\sgu\\nam 4\\hki\\dacn\\odoo\\sessions\\addons\\17.0', 'd:\\sgu\\nam 4\\hki\\dacn\\odoo\\server\\odoo\\addons'] 
2024-11-19 17:39:38,069 7664 INFO ? odoo: database: odoo_user@localhost:5432 
2024-11-19 17:39:38,321 7664 INFO ? odoo.addons.base.models.ir_actions_report: Will use the Wkhtmltopdf binary at C:\Program Files\wkhtmltopdf\bin\wkhtmltopdf.exe 
2024-11-19 17:39:39,439 7664 INFO ? odoo.service.server: HTTP service (werkzeug) running on MSI.netis.cc:8069 
2024-11-19 17:39:43,567 7664 INFO ? odoo.sql_db: Connection to the database failed 
2024-11-19 17:39:47,634 7664 INFO ? odoo.sql_db: Connection to the database failed 
2024-11-19 17:41:28,873 7664 INFO ? odoo.sql_db: Connection to the database failed 
2024-11-19 17:41:32,952 7664 INFO ? odoo.sql_db: Connection to the database failed 
2024-11-19 17:41:38,478 7664 INFO ? werkzeug: 127.0.0.1 - - [19/Nov/2024 17:41:38] "GET /web/static/img/odoo-icon-512x512.png HTTP/1.1" 200 - 0 0.000 13.713
2024-11-19 17:41:38,479 7664 INFO ? werkzeug: 127.0.0.1 - - [19/Nov/2024 17:41:38] "GET /web/static/img/odoo-icon-192x192.png HTTP/1.1" 200 - 0 0.000 13.716
2024-11-19 19:30:59,902 7664 INFO ? odoo.service.server: Initiating shutdown 
2024-11-19 19:30:59,928 7664 INFO ? odoo.service.server: Hit CTRL-C again or send a second signal to force the shutdown. 
2024-11-19 19:31:00,469 7664 INFO ? odoo.sql_db: ConnectionPool(used=0/count=0/max=64): Closed 0 connections  
